<?xml version="1.0" encoding="UTF-8"?>
<testsuite name="DukeTest" tests="1" skipped="0" failures="0" errors="0" timestamp="2019-09-17T15:02:12" hostname="Mandys-MacBook-Pro.local" time="0.018">
  <properties/>
  <testcase name="testList()" classname="DukeTest" time="0.018"/>
  <system-out><![CDATA[]]></system-out>
  <system-err><![CDATA[]]></system-err>
</testsuite>
