<?xml version="1.0" encoding="UTF-8"?>
<testsuite name="AddCommandTest" tests="1" skipped="0" failures="0" errors="0" timestamp="2019-09-17T15:02:12" hostname="Mandys-MacBook-Pro.local" time="0.034">
  <properties/>
  <testcase name="testExecute()" classname="AddCommandTest" time="0.034"/>
  <system-out><![CDATA[]]></system-out>
  <system-err><![CDATA[]]></system-err>
</testsuite>
