<?xml version="1.0" encoding="UTF-8"?>
<testsuite name="TaskListTest" tests="1" skipped="0" failures="0" errors="0" timestamp="2019-08-31T04:31:34" hostname="XPS15" time="0.007">
  <properties/>
  <testcase name="deleteWrongTask()" classname="TaskListTest" time="0.007"/>
  <system-out><![CDATA[Please give correct task number
]]></system-out>
  <system-err><![CDATA[]]></system-err>
</testsuite>
