<?xml version="1.0" encoding="UTF-8"?>
<testsuite name="TodoTest" tests="1" skipped="0" failures="0" errors="0" timestamp="2019-08-24T06:17:24" hostname="Teos-MacBook-Pro-3.local" time="0.006">
  <properties/>
  <testcase name="testTodo()" classname="TodoTest" time="0.006"/>
  <system-out><![CDATA[-------------------------------------
Got it. I've added this task: 
[T][?] test
Now you have 1 tasks in the list.
-------------------------------------

-------------------------------------
Todo must have valid description
-------------------------------------

]]></system-out>
  <system-err><![CDATA[]]></system-err>
</testsuite>
