<?xml version="1.0" encoding="UTF-8"?>
<testsuite name="ParserTest" tests="2" skipped="0" failures="0" errors="0" timestamp="2019-09-01T05:29:50" hostname="XPS15" time="0.047">
  <properties/>
  <testcase name="parserGetDate()" classname="ParserTest" time="0.021"/>
  <testcase name="parserDateInput()" classname="ParserTest" time="0.025"/>
  <system-out><![CDATA[]]></system-out>
  <system-err><![CDATA[]]></system-err>
</testsuite>
