<?xml version="1.0" encoding="UTF-8"?>
<testsuite name="DukeTest" tests="1" skipped="0" failures="0" errors="0" timestamp="2019-10-27T05:33:27" hostname="DESKTOP-5DLSJQ5" time="0.03">
  <properties/>
  <testcase name="dummyTest()" classname="DukeTest" time="0.03"/>
  <system-out><![CDATA[]]></system-out>
  <system-err><![CDATA[]]></system-err>
</testsuite>
