<?xml version="1.0" encoding="UTF-8"?>
<testsuite name="ParserTest" tests="2" skipped="0" failures="0" errors="0" timestamp="2019-08-31T04:31:34" hostname="XPS15" time="0.066">
  <properties/>
  <testcase name="parserGetDate()" classname="ParserTest" time="0.026"/>
  <testcase name="parserDateInput()" classname="ParserTest" time="0.038"/>
  <system-out><![CDATA[]]></system-out>
  <system-err><![CDATA[]]></system-err>
</testsuite>
