<?xml version="1.0" encoding="UTF-8"?>
<testsuite name="ToDosTest" tests="1" skipped="0" failures="0" errors="0" timestamp="2019-09-28T16:00:42" hostname="Chens-MacBook-Pro-2.local" time="0.033">
  <properties/>
  <testcase name="todosTestFormatStringOutput()" classname="ToDosTest" time="0.033"/>
  <system-out><![CDATA[]]></system-out>
  <system-err><![CDATA[]]></system-err>
</testsuite>
