<?xml version="1.0" encoding="UTF-8"?>
<testsuite name="ParserTest" tests="2" skipped="0" failures="0" errors="0" timestamp="2019-09-08T10:00:23" hostname="XPS15" time="0.033">
  <properties/>
  <testcase name="parserGetDate()" classname="ParserTest" time="0.003"/>
  <testcase name="parserDateInput()" classname="ParserTest" time="0.029"/>
  <system-out><![CDATA[]]></system-out>
  <system-err><![CDATA[]]></system-err>
</testsuite>
