<?xml version="1.0" encoding="UTF-8"?>
<testsuite name="TaskListTest" tests="1" skipped="0" failures="0" errors="0" timestamp="2019-09-08T10:00:23" hostname="XPS15" time="0.021">
  <properties/>
  <testcase name="deleteWrongTask()" classname="TaskListTest" time="0.021"/>
  <system-out><![CDATA[]]></system-out>
  <system-err><![CDATA[]]></system-err>
</testsuite>
